Arguments: 
  /usr/local/Cellar/node/8.9.1/bin/node /usr/local/Cellar/yarn/1.3.2/libexec/bin/yarn.js add masonry-layout

PATH: 
  /Users/d0zero/.rvm/gems/ruby-2.4.0/bin:/Users/d0zero/.rvm/gems/ruby-2.4.0@global/bin:/Users/d0zero/.rvm/rubies/ruby-2.4.0/bin:/Users/d0zero/.rvm/bin:/usr/local/bin:/usr/bin:/bin:/usr/sbin:/sbin

Yarn version: 
  1.3.2

Node version: 
  8.9.1

Platform: 
  darwin x64

npm manifest: 
  {
    "name": "blog-ufal",
    "private": true,
    "dependencies": {
      "bootstrap-notify": "^3.1.3",
      "jquery": "^3.2.1"
    },
    "version": "1.0.0",
    "main": "index.js",
    "repository": "git@github.com:ataideal/blog-ufal.git",
    "author": "Ataide Neto <ataide.neto31@gmail.com>",
    "license": "MIT"
  }

yarn manifest: 
  No manifest

Lockfile: 
  # THIS IS AN AUTOGENERATED FILE. DO NOT EDIT THIS FILE DIRECTLY.
  # yarn lockfile v1
  
  
  bootstrap-notify@^3.1.3:
    version "3.1.3"
    resolved "https://registry.yarnpkg.com/bootstrap-notify/-/bootstrap-notify-3.1.3.tgz#7e98b3a696cf452a7b56727f0b3316a90037c10b"
  
  jquery@^3.2.1:
    version "3.2.1"
    resolved "https://registry.yarnpkg.com/jquery/-/jquery-3.2.1.tgz#5c4d9de652af6cd0a770154a631bba12b015c787"

Trace: 
  Error: https://registry.yarnpkg.com/masonry-layout: ETIMEDOUT
      at Timeout._onTimeout (/usr/local/Cellar/yarn/1.3.2/libexec/lib/cli.js:123749:19)
      at ontimeout (timers.js:475:11)
      at tryOnTimeout (timers.js:310:5)
      at Timer.listOnTimeout (timers.js:270:5)
